  [1m[36m (179.0ms)[0m  [1mCREATE TABLE "schema_migrations" ("version" varchar NOT NULL) [0m
  [1m[35m (0.1ms)[0m  select sqlite_version(*)
  [1m[36m (168.7ms)[0m  [1mCREATE UNIQUE INDEX "unique_schema_migrations" ON "schema_migrations" ("version")[0m
  [1m[35mActiveRecord::SchemaMigration Load (0.1ms)[0m  SELECT "schema_migrations".* FROM "schema_migrations"
Migrating to CreateUsers (20150919212304)
  [1m[36m (0.1ms)[0m  [1mbegin transaction[0m
  [1m[35m (0.3ms)[0m  CREATE TABLE "users" ("id" INTEGER PRIMARY KEY AUTOINCREMENT NOT NULL, "created_at" datetime NOT NULL, "updated_at" datetime NOT NULL) 
  [1m[36mSQL (0.1ms)[0m  [1mINSERT INTO "schema_migrations" ("version") VALUES (?)[0m  [["version", "20150919212304"]]
  [1m[35m (145.2ms)[0m  commit transaction
Migrating to AddDeviseToUsers (20150919214214)
  [1m[36m (0.1ms)[0m  [1mbegin transaction[0m
  [1m[35m (0.3ms)[0m  ALTER TABLE "users" ADD "email" varchar DEFAULT '' NOT NULL
  [1m[36m (0.2ms)[0m  [1mALTER TABLE "users" ADD "encrypted_password" varchar DEFAULT '' NOT NULL[0m
  [1m[35m (0.2ms)[0m  ALTER TABLE "users" ADD "reset_password_token" varchar
  [1m[36m (0.2ms)[0m  [1mALTER TABLE "users" ADD "reset_password_sent_at" datetime[0m
  [1m[35m (0.2ms)[0m  ALTER TABLE "users" ADD "remember_created_at" datetime
  [1m[36m (0.2ms)[0m  [1mALTER TABLE "users" ADD "sign_in_count" integer DEFAULT 0 NOT NULL[0m
  [1m[35m (0.2ms)[0m  ALTER TABLE "users" ADD "current_sign_in_at" datetime
  [1m[36m (0.2ms)[0m  [1mALTER TABLE "users" ADD "last_sign_in_at" datetime[0m
  [1m[35m (0.2ms)[0m  ALTER TABLE "users" ADD "current_sign_in_ip" varchar
  [1m[36m (0.2ms)[0m  [1mALTER TABLE "users" ADD "last_sign_in_ip" varchar[0m
  [1m[35m (0.2ms)[0m  CREATE UNIQUE INDEX "index_users_on_email" ON "users" ("email")
  [1m[36m (0.1ms)[0m  [1m            SELECT sql
            FROM sqlite_master
            WHERE name='index_users_on_email' AND type='index'
            UNION ALL
            SELECT sql
            FROM sqlite_temp_master
            WHERE name='index_users_on_email' AND type='index'
[0m
  [1m[35m (0.1ms)[0m  CREATE UNIQUE INDEX "index_users_on_reset_password_token" ON "users" ("reset_password_token")
  [1m[36mSQL (0.1ms)[0m  [1mINSERT INTO "schema_migrations" ("version") VALUES (?)[0m  [["version", "20150919214214"]]
  [1m[35m (116.9ms)[0m  commit transaction
  [1m[36mActiveRecord::SchemaMigration Load (0.1ms)[0m  [1mSELECT "schema_migrations".* FROM "schema_migrations"[0m
  [1m[35m (0.1ms)[0m              SELECT sql
            FROM sqlite_master
            WHERE name='index_users_on_reset_password_token' AND type='index'
            UNION ALL
            SELECT sql
            FROM sqlite_temp_master
            WHERE name='index_users_on_reset_password_token' AND type='index'

  [1m[36m (0.1ms)[0m  [1m            SELECT sql
            FROM sqlite_master
            WHERE name='index_users_on_email' AND type='index'
            UNION ALL
            SELECT sql
            FROM sqlite_temp_master
            WHERE name='index_users_on_email' AND type='index'
[0m
